<component name="ArtifactManager">
  <artifact type="jar" build-on-make="true" name="JunitTests">
    <output-path>$PROJECT_DIR$/out/artifacts/JunitTests</output-path>
    <root id="archive" name="JunitTests.jar">
      <element id="directory" name="META-INF">
        <element id="file-copy" path="$PROJECT_DIR$/META-INF/MANIFEST.MF" />
      </element>
      <element id="module-output" name="COMP-2013-14" />
      <element id="file-copy" path="$PROJECT_DIR$/brics/automaton.jar" />
      <element id="file-copy" path="$APPLICATION_HOME_DIR$/lib/hamcrest-core-1.3.jar" />
      <element id="library" level="module" name="JGraphT" module-name="COMP-2013-14" />
      <element id="file-copy" path="$APPLICATION_HOME_DIR$/lib/junit-4.11.jar" />
    </root>
  </artifact>
</component>